<?xml version="1.0" encoding="UTF-8"?>
<!-- Generated by org.testng.reporters.JUnitXMLReporter -->
<testsuite ignored="0" hostname="Veers-MBP" failures="0" tests="5" name="runTestsForLead" time="52.183" errors="0" timestamp="2021-06-05T12:33:52 BST">
  <testcase classname="week5.day1.testcase.CreateLead" name="runCreateLead" time="3.754"/>
  <testcase classname="week5.day1.testcase.DuplicateLead" name="runDuplicateLead" time="8.128"/>
  <testcase classname="week5.day1.testcase.DeleteLead" name="runDeleteLead" time="8.296"/>
  <testcase classname="week5.day1.testcase.EditLead" name="runEditLead" time="8.922"/>
  <testcase classname="week5.day1.testcase.MergeLeads" name="runMergeLead" time="21.997"/>
</testsuite> <!-- runTestsForLead -->
