<?xml version="1.0" encoding="UTF-8"?>
<!-- Generated by org.testng.reporters.JUnitXMLReporter -->
<testsuite ignored="0" hostname="Veers-MBP" failures="1" tests="5" name="MavernProject" time="0.04" errors="0" timestamp="2021-06-13T17:47:25 BST">
  <testcase classname="week6.day2.RegressionTestCases" name="createLead" time="0.004"/>
  <testcase classname="week6.day2.RegressionTestCases" name="deleteLead" time="0.001"/>
  <testcase classname="week6.day2.RegressionTestCases" name="duplicateLead" time="0.0"/>
  <testcase classname="week6.day2.RegressionTestCases" name="editLead" time="0.0">
    <failure type="java.util.NoSuchElementException">
      <![CDATA[java.util.NoSuchElementException
at week6.day2.RegressionTestCases.editLead(RegressionTestCases.java:19)
at java.base/java.util.ArrayList.forEach(ArrayList.java:1511)
at com.intellij.rt.testng.IDEARemoteTestNG.run(IDEARemoteTestNG.java:66)
at com.intellij.rt.testng.RemoteTestNGStarter.main(RemoteTestNGStarter.java:109)
... Removed 24 stack frames]]>
    </failure>
  </testcase> <!-- editLead -->
  <testcase classname="week6.day2.RegressionTestCases" name="mergeLead" time="0.0"/>
</testsuite> <!-- MavernProject -->
