<?xml version="1.0" encoding="UTF-8"?>
<!-- Generated by org.testng.reporters.JUnitXMLReporter -->
<testsuite ignored="0" hostname="Veers-MBP" failures="0" tests="2" name="runTestsForLead_Sequence_Parameterization" time="28.601" errors="0" timestamp="2021-06-06T09:36:05 BST">
  <testcase classname="week5.day2.datawithexceltorunsingletime.CreateLead" name="runCreateLead" time="2.548"/>
  <testcase classname="week5.day2.datawithexceltorunsingletime.EditLead" name="runEditLead" time="7.028"/>
</testsuite> <!-- runTestsForLead_Sequence_Parameterization -->
