<?xml version="1.0" encoding="UTF-8"?>
<!-- Generated by org.testng.reporters.JUnitXMLReporter -->
<testsuite ignored="0" hostname="Veers-MBP" failures="0" tests="5" name="runTestsForLead_Parallel" time="55.138" errors="0" timestamp="2021-06-05T12:42:23 BST">
  <testcase classname="week5.day1.testcase.CreateLead" name="runCreateLead" time="6.788"/>
  <testcase classname="week5.day1.testcase.DeleteLead" name="runDeleteLead" time="9.295"/>
  <testcase classname="week5.day1.testcase.DuplicateLead" name="runDuplicateLead" time="10.172"/>
  <testcase classname="week5.day1.testcase.EditLead" name="runEditLead" time="8.589"/>
  <testcase classname="week5.day1.testcase.MergeLeads" name="runMergeLead" time="22.626"/>
</testsuite> <!-- runTestsForLead_Parallel -->
