<?xml version="1.0" encoding="UTF-8"?>
<testng-results ignored="0" total="2" passed="2" failed="0" skipped="0">
  <reporter-output>
  </reporter-output>
  <suite started-at="2021-06-06T09:35:36 BST" name="TestCasesForLead_Sequence_Parameterization" finished-at="2021-06-06T09:36:05 BST" duration-ms="28601">
    <groups>
    </groups>
    <test started-at="2021-06-06T09:35:36 BST" name="runTestsForLead_Sequence_Parameterization" finished-at="2021-06-06T09:36:05 BST" duration-ms="28601">
      <class name="week5.day2.datawithexceltorunsingletime.EditLead">
        <test-method is-config="true" signature="preCondition()[pri:0, instance:week5.day2.datawithexceltorunsingletime.EditLead@429bd883]" started-at="2021-06-06T09:35:50 BST" name="preCondition" finished-at="2021-06-06T09:35:58 BST" duration-ms="7444" status="PASS">
          <reporter-output>
          </reporter-output>
        </test-method> <!-- preCondition -->
        <test-method signature="runEditLead(java.lang.String, java.lang.String)[pri:0, instance:week5.day2.datawithexceltorunsingletime.EditLead@429bd883]" started-at="2021-06-06T09:35:58 BST" name="runEditLead" data-provider="fetchData" finished-at="2021-06-06T09:36:05 BST" duration-ms="7028" status="PASS">
          <params>
            <param index="0">
              <value>
                <![CDATA[Amazon]]>
              </value>
            </param>
            <param index="1">
              <value>
                <![CDATA[98]]>
              </value>
            </param>
          </params>
          <reporter-output>
          </reporter-output>
        </test-method> <!-- runEditLead -->
        <test-method is-config="true" signature="postCondition()[pri:0, instance:week5.day2.datawithexceltorunsingletime.EditLead@429bd883]" started-at="2021-06-06T09:36:05 BST" name="postCondition" finished-at="2021-06-06T09:36:05 BST" duration-ms="146" status="PASS">
          <reporter-output>
          </reporter-output>
        </test-method> <!-- postCondition -->
      </class> <!-- week5.day2.datawithexceltorunsingletime.EditLead -->
      <class name="week5.day2.datawithexceltorunsingletime.CreateLead">
        <test-method is-config="true" signature="preCondition(java.lang.String, java.lang.String, java.lang.String)[pri:0, instance:week5.day2.datawithexceltorunsingletime.CreateLead@345965f2]" started-at="2021-06-06T09:35:37 BST" name="preCondition" finished-at="2021-06-06T09:35:48 BST" duration-ms="10647" status="PASS">
          <params>
            <param index="0">
              <value>
                <![CDATA[http://leaftaps.com/opentaps/]]>
              </value>
            </param>
            <param index="1">
              <value>
                <![CDATA[DemoSalesManager]]>
              </value>
            </param>
            <param index="2">
              <value>
                <![CDATA[crmsfa]]>
              </value>
            </param>
          </params>
          <reporter-output>
          </reporter-output>
        </test-method> <!-- preCondition -->
        <test-method signature="runCreateLead(java.lang.String, java.lang.String, java.lang.String, java.lang.String)[pri:0, instance:week5.day2.datawithexceltorunsingletime.CreateLead@345965f2]" started-at="2021-06-06T09:35:48 BST" name="runCreateLead" data-provider="fetchData" finished-at="2021-06-06T09:35:50 BST" duration-ms="2548" status="PASS">
          <params>
            <param index="0">
              <value>
                <![CDATA[HMRC]]>
              </value>
            </param>
            <param index="1">
              <value>
                <![CDATA[Veer]]>
              </value>
            </param>
            <param index="2">
              <value>
                <![CDATA[Karri]]>
              </value>
            </param>
            <param index="3">
              <value>
                <![CDATA[98]]>
              </value>
            </param>
          </params>
          <reporter-output>
          </reporter-output>
        </test-method> <!-- runCreateLead -->
        <test-method is-config="true" signature="postCondition()[pri:0, instance:week5.day2.datawithexceltorunsingletime.CreateLead@345965f2]" started-at="2021-06-06T09:35:50 BST" name="postCondition" finished-at="2021-06-06T09:35:50 BST" duration-ms="145" status="PASS">
          <reporter-output>
          </reporter-output>
        </test-method> <!-- postCondition -->
      </class> <!-- week5.day2.datawithexceltorunsingletime.CreateLead -->
    </test> <!-- runTestsForLead_Sequence_Parameterization -->
  </suite> <!-- TestCasesForLead_Sequence_Parameterization -->
</testng-results>
