<?xml version="1.0" encoding="UTF-8"?>
<testng-results ignored="0" total="5" passed="4" failed="1" skipped="0">
  <reporter-output>
  </reporter-output>
  <suite started-at="2021-06-13T17:47:22 BST" name="Default Suite" finished-at="2021-06-13T17:47:22 BST" duration-ms="40">
    <groups>
    </groups>
    <test started-at="2021-06-13T17:47:22 BST" name="MavernProject" finished-at="2021-06-13T17:47:22 BST" duration-ms="40">
      <class name="week6.day2.RegressionTestCases">
        <test-method signature="createLead()[pri:0, instance:week6.day2.RegressionTestCases@77be656f]" started-at="2021-06-13T17:47:22 BST" name="createLead" finished-at="2021-06-13T17:47:22 BST" duration-ms="4" status="PASS">
          <reporter-output>
          </reporter-output>
        </test-method> <!-- createLead -->
        <test-method signature="deleteLead()[pri:0, instance:week6.day2.RegressionTestCases@77be656f]" started-at="2021-06-13T17:47:22 BST" name="deleteLead" finished-at="2021-06-13T17:47:22 BST" duration-ms="1" status="PASS">
          <reporter-output>
          </reporter-output>
        </test-method> <!-- deleteLead -->
        <test-method signature="duplicateLead()[pri:0, instance:week6.day2.RegressionTestCases@77be656f]" started-at="2021-06-13T17:47:22 BST" name="duplicateLead" finished-at="2021-06-13T17:47:22 BST" duration-ms="0" status="PASS">
          <reporter-output>
          </reporter-output>
        </test-method> <!-- duplicateLead -->
        <test-method signature="editLead()[pri:0, instance:week6.day2.RegressionTestCases@77be656f]" started-at="2021-06-13T17:47:22 BST" name="editLead" finished-at="2021-06-13T17:47:22 BST" duration-ms="0" status="FAIL">
          <exception class="java.util.NoSuchElementException">
            <full-stacktrace>
              <![CDATA[java.util.NoSuchElementException
at week6.day2.RegressionTestCases.editLead(RegressionTestCases.java:19)
at java.base/jdk.internal.reflect.NativeMethodAccessorImpl.invoke0(Native Method)
at java.base/jdk.internal.reflect.NativeMethodAccessorImpl.invoke(NativeMethodAccessorImpl.java:62)
at java.base/jdk.internal.reflect.DelegatingMethodAccessorImpl.invoke(DelegatingMethodAccessorImpl.java:43)
at java.base/java.lang.reflect.Method.invoke(Method.java:564)
at org.testng.internal.MethodInvocationHelper.invokeMethod(MethodInvocationHelper.java:132)
at org.testng.internal.TestInvoker.invokeMethod(TestInvoker.java:599)
at org.testng.internal.TestInvoker.invokeTestMethod(TestInvoker.java:174)
at org.testng.internal.MethodRunner.runInSequence(MethodRunner.java:46)
at org.testng.internal.TestInvoker$MethodInvocationAgent.invoke(TestInvoker.java:822)
at org.testng.internal.TestInvoker.invokeTestMethods(TestInvoker.java:147)
at org.testng.internal.TestMethodWorker.invokeTestMethods(TestMethodWorker.java:146)
at org.testng.internal.TestMethodWorker.run(TestMethodWorker.java:128)
at java.base/java.util.ArrayList.forEach(ArrayList.java:1511)
at org.testng.TestRunner.privateRun(TestRunner.java:764)
at org.testng.TestRunner.run(TestRunner.java:585)
at org.testng.SuiteRunner.runTest(SuiteRunner.java:384)
at org.testng.SuiteRunner.runSequentially(SuiteRunner.java:378)
at org.testng.SuiteRunner.privateRun(SuiteRunner.java:337)
at org.testng.SuiteRunner.run(SuiteRunner.java:286)
at org.testng.SuiteRunnerWorker.runSuite(SuiteRunnerWorker.java:53)
at org.testng.SuiteRunnerWorker.run(SuiteRunnerWorker.java:96)
at org.testng.TestNG.runSuitesSequentially(TestNG.java:1218)
at org.testng.TestNG.runSuitesLocally(TestNG.java:1140)
at org.testng.TestNG.runSuites(TestNG.java:1069)
at org.testng.TestNG.run(TestNG.java:1037)
at com.intellij.rt.testng.IDEARemoteTestNG.run(IDEARemoteTestNG.java:66)
at com.intellij.rt.testng.RemoteTestNGStarter.main(RemoteTestNGStarter.java:109)
]]>
            </full-stacktrace>
          </exception> <!-- java.util.NoSuchElementException -->
          <reporter-output>
          </reporter-output>
        </test-method> <!-- editLead -->
        <test-method signature="mergeLead()[pri:0, instance:week6.day2.RegressionTestCases@77be656f]" started-at="2021-06-13T17:47:22 BST" name="mergeLead" finished-at="2021-06-13T17:47:22 BST" duration-ms="0" status="PASS">
          <reporter-output>
          </reporter-output>
        </test-method> <!-- mergeLead -->
      </class> <!-- week6.day2.RegressionTestCases -->
    </test> <!-- MavernProject -->
  </suite> <!-- Default Suite -->
</testng-results>
